<?xml version="1.0" encoding="UTF-8"?>
<!-- Generated by org.testng.reporters.JUnitXMLReporter -->
<testsuite hostname="DELL" ignored="3" name="Guru99 Ecommerce Test" tests="1" failures="0" timestamp="30 Sep 2018 06:50:47 GMT" time="62.106" errors="0">
  <testcase name="verifyXperiaPrice" time="2.803" classname="com.Ecommerce.qa.Test.MobilePageTest"/>
  <testcase name="initialization" time="0.0" classname="com.Ecommerce.qa.base.TestBase">
    <ignored/>
  </testcase> <!-- initialization -->
  <testcase name="verifyMobilePageTitle" time="0.0" classname="com.Ecommerce.qa.Test.MobilePageTest">
    <ignored/>
  </testcase> <!-- verifyMobilePageTitle -->
  <testcase name="verifySortByName" time="0.0" classname="com.Ecommerce.qa.Test.MobilePageTest">
    <ignored/>
  </testcase> <!-- verifySortByName -->
</testsuite> <!-- Guru99 Ecommerce Test -->
