<?xml version="1.0" encoding="UTF-8"?>
<testng-results skipped="0" failed="0" ignored="0" total="1" passed="1">
  <reporter-output>
  </reporter-output>
  <suite name="Default suite" duration-ms="17904" started-at="2018-10-03T16:49:10Z" finished-at="2018-10-03T16:49:27Z">
    <groups>
    </groups>
    <test name="Default test" duration-ms="17904" started-at="2018-10-03T16:49:10Z" finished-at="2018-10-03T16:49:27Z">
      <class name="com.Ecommerce.qa.config.TestClass6">
        <test-method status="PASS" signature="launchChrome()[pri:0, instance:com.Ecommerce.qa.config.TestClass6@11161c7]" name="launchChrome" is-config="true" duration-ms="8788" started-at="2018-10-03T16:49:10Z" finished-at="2018-10-03T16:49:18Z">
          <reporter-output>
          </reporter-output>
        </test-method> <!-- launchChrome -->
        <test-method status="PASS" signature="verifyPurchaseProduct()[pri:0, instance:com.Ecommerce.qa.config.TestClass6@11161c7]" name="verifyPurchaseProduct" duration-ms="9056" started-at="2018-10-03T16:49:18Z" finished-at="2018-10-03T16:49:27Z">
          <reporter-output>
          </reporter-output>
        </test-method> <!-- verifyPurchaseProduct -->
        <test-method status="PASS" signature="tearDown()[pri:0, instance:com.Ecommerce.qa.config.TestClass6@11161c7]" name="tearDown" is-config="true" duration-ms="0" started-at="2018-10-03T16:49:27Z" finished-at="2018-10-03T16:49:27Z">
          <reporter-output>
          </reporter-output>
        </test-method> <!-- tearDown -->
      </class> <!-- com.Ecommerce.qa.config.TestClass6 -->
    </test> <!-- Default test -->
  </suite> <!-- Default suite -->
</testng-results>
